INFO:root:Started
INFO:root:         Date         Open         High          Low        Close  \
0  2017-11-10  2580.179932  2583.810059  2575.570068  2582.300049   
1  2017-11-13  2576.530029  2587.659912  2574.479980  2584.840088   
2  2017-11-14  2577.750000  2579.659912  2566.560059  2578.870117   

     Adj Close      Volume  
0  2582.300049  3486910000  
1  2584.840088  3402930000  
2  2578.870117  3641760000  
INFO:root:{'Y': [1053.209961, 1021.570007, 1049.079956, 1090.880005, 1097.709961, 1099.819946, 1135.72998, 1149.579956, 1149.48999, 1138.170044, 1164.5, 1160.040039, 1126, 1109.640015, 1095.060059, 1090.930054, 1078.920044, 1069.52002, 1104.72998, 1118.290039, 1143.75], 'X': ['2018-03-26 04:00:00', '2018-03-23 04:00:00', '2018-03-22 04:00:00', '2018-03-21 04:00:00', '2018-03-20 04:00:00', '2018-03-19 04:00:00', '2018-03-16 04:00:00', '2018-03-15 04:00:00', '2018-03-14 04:00:00', '2018-03-13 04:00:00', '2018-03-12 04:00:00', '2018-03-09 05:00:00', '2018-03-08 05:00:00', '2018-03-07 05:00:00', '2018-03-06 05:00:00', '2018-03-05 05:00:00', '2018-03-02 05:00:00', '2018-03-01 05:00:00', '2018-02-28 05:00:00', '2018-02-27 05:00:00', '2018-02-26 05:00:00']}
INFO:werkzeug:172.20.0.1 - - [28/Mar/2018 15:30:16] "GET /predict HTTP/1.1" 500 -
INFO:werkzeug: * Detected change in '/application/src/ml/app.py', reloading
INFO:root:Started
INFO:root:         Date         Open         High          Low        Close  \
0  2017-11-10  2580.179932  2583.810059  2575.570068  2582.300049   
1  2017-11-13  2576.530029  2587.659912  2574.479980  2584.840088   
2  2017-11-14  2577.750000  2579.659912  2566.560059  2578.870117   

     Adj Close      Volume  
0  2582.300049  3486910000  
1  2584.840088  3402930000  
2  2578.870117  3641760000  
INFO:root:{'Y': [1053.209961, 1021.570007, 1049.079956, 1090.880005, 1097.709961, 1099.819946, 1135.72998, 1149.579956, 1149.48999, 1138.170044, 1164.5, 1160.040039, 1126, 1109.640015, 1095.060059, 1090.930054, 1078.920044, 1069.52002, 1104.72998, 1118.290039, 1143.75], 'X': ['2018-03-26 04:00:00', '2018-03-23 04:00:00', '2018-03-22 04:00:00', '2018-03-21 04:00:00', '2018-03-20 04:00:00', '2018-03-19 04:00:00', '2018-03-16 04:00:00', '2018-03-15 04:00:00', '2018-03-14 04:00:00', '2018-03-13 04:00:00', '2018-03-12 04:00:00', '2018-03-09 05:00:00', '2018-03-08 05:00:00', '2018-03-07 05:00:00', '2018-03-06 05:00:00', '2018-03-05 05:00:00', '2018-03-02 05:00:00', '2018-03-01 05:00:00', '2018-02-28 05:00:00', '2018-02-27 05:00:00', '2018-02-26 05:00:00']}
INFO:werkzeug:172.20.0.1 - - [28/Mar/2018 15:30:22] "GET /predict HTTP/1.1" 500 -
INFO:werkzeug:172.20.0.1 - - [28/Mar/2018 15:30:22] "GET /predict?__debugger__=yes&cmd=resource&f=style.css HTTP/1.1" 200 -
INFO:werkzeug:172.20.0.1 - - [28/Mar/2018 15:30:22] "GET /predict?__debugger__=yes&cmd=resource&f=debugger.js HTTP/1.1" 200 -
INFO:werkzeug:172.20.0.1 - - [28/Mar/2018 15:30:22] "GET /predict?__debugger__=yes&cmd=resource&f=jquery.js HTTP/1.1" 200 -
INFO:werkzeug:172.20.0.1 - - [28/Mar/2018 15:30:22] "GET /predict?__debugger__=yes&cmd=resource&f=console.png HTTP/1.1" 200 -
INFO:werkzeug:172.20.0.1 - - [28/Mar/2018 15:30:22] "GET /predict?__debugger__=yes&cmd=resource&f=console.png HTTP/1.1" 200 -
INFO:werkzeug: * Detected change in '/application/src/ml/app.py', reloading
INFO:root:Started
INFO:root:         Date         Open         High          Low        Close  \
0  2017-11-10  2580.179932  2583.810059  2575.570068  2582.300049   
1  2017-11-13  2576.530029  2587.659912  2574.479980  2584.840088   
2  2017-11-14  2577.750000  2579.659912  2566.560059  2578.870117   

     Adj Close      Volume  
0  2582.300049  3486910000  
1  2584.840088  3402930000  
2  2578.870117  3641760000  
INFO:root:{'X': ['2018-03-26 04:00:00', '2018-03-23 04:00:00', '2018-03-22 04:00:00', '2018-03-21 04:00:00', '2018-03-20 04:00:00', '2018-03-19 04:00:00', '2018-03-16 04:00:00', '2018-03-15 04:00:00', '2018-03-14 04:00:00', '2018-03-13 04:00:00', '2018-03-12 04:00:00', '2018-03-09 05:00:00', '2018-03-08 05:00:00', '2018-03-07 05:00:00', '2018-03-06 05:00:00', '2018-03-05 05:00:00', '2018-03-02 05:00:00', '2018-03-01 05:00:00', '2018-02-28 05:00:00', '2018-02-27 05:00:00', '2018-02-26 05:00:00'], 'Y': [1053.209961, 1021.570007, 1049.079956, 1090.880005, 1097.709961, 1099.819946, 1135.72998, 1149.579956, 1149.48999, 1138.170044, 1164.5, 1160.040039, 1126, 1109.640015, 1095.060059, 1090.930054, 1078.920044, 1069.52002, 1104.72998, 1118.290039, 1143.75]}
INFO:root:Finished
INFO:werkzeug:172.20.0.1 - - [28/Mar/2018 15:38:03] "GET /predict HTTP/1.1" 200 -
INFO:root:Started
INFO:root:         Date         Open         High          Low        Close  \
0  2017-11-10  2580.179932  2583.810059  2575.570068  2582.300049   
1  2017-11-13  2576.530029  2587.659912  2574.479980  2584.840088   
2  2017-11-14  2577.750000  2579.659912  2566.560059  2578.870117   

     Adj Close      Volume  
0  2582.300049  3486910000  
1  2584.840088  3402930000  
2  2578.870117  3641760000  
INFO:root:{'X': ['2018-03-26 04:00:00', '2018-03-23 04:00:00', '2018-03-22 04:00:00', '2018-03-21 04:00:00', '2018-03-20 04:00:00', '2018-03-19 04:00:00', '2018-03-16 04:00:00', '2018-03-15 04:00:00', '2018-03-14 04:00:00', '2018-03-13 04:00:00', '2018-03-12 04:00:00', '2018-03-09 05:00:00', '2018-03-08 05:00:00', '2018-03-07 05:00:00', '2018-03-06 05:00:00', '2018-03-05 05:00:00', '2018-03-02 05:00:00', '2018-03-01 05:00:00', '2018-02-28 05:00:00', '2018-02-27 05:00:00', '2018-02-26 05:00:00'], 'Y': [1053.209961, 1021.570007, 1049.079956, 1090.880005, 1097.709961, 1099.819946, 1135.72998, 1149.579956, 1149.48999, 1138.170044, 1164.5, 1160.040039, 1126, 1109.640015, 1095.060059, 1090.930054, 1078.920044, 1069.52002, 1104.72998, 1118.290039, 1143.75]}
INFO:root:Finished
INFO:werkzeug:172.20.0.1 - - [28/Mar/2018 15:38:08] "GET /predict HTTP/1.1" 200 -
INFO:werkzeug: * Detected change in '/application/src/ml/app.py', reloading
INFO:root:Started
INFO:root:         Date         Open         High          Low        Close  \
0  2017-11-10  2580.179932  2583.810059  2575.570068  2582.300049   
1  2017-11-13  2576.530029  2587.659912  2574.479980  2584.840088   
2  2017-11-14  2577.750000  2579.659912  2566.560059  2578.870117   

     Adj Close      Volume  
0  2582.300049  3486910000  
1  2584.840088  3402930000  
2  2578.870117  3641760000  
INFO:root:{'Y': [1053.209961, 1021.570007, 1049.079956, 1090.880005, 1097.709961, 1099.819946, 1135.72998, 1149.579956, 1149.48999, 1138.170044, 1164.5, 1160.040039, 1126, 1109.640015, 1095.060059, 1090.930054, 1078.920044, 1069.52002, 1104.72998, 1118.290039, 1143.75], 'X': ['2018-03-26 04:00:00', '2018-03-23 04:00:00', '2018-03-22 04:00:00', '2018-03-21 04:00:00', '2018-03-20 04:00:00', '2018-03-19 04:00:00', '2018-03-16 04:00:00', '2018-03-15 04:00:00', '2018-03-14 04:00:00', '2018-03-13 04:00:00', '2018-03-12 04:00:00', '2018-03-09 05:00:00', '2018-03-08 05:00:00', '2018-03-07 05:00:00', '2018-03-06 05:00:00', '2018-03-05 05:00:00', '2018-03-02 05:00:00', '2018-03-01 05:00:00', '2018-02-28 05:00:00', '2018-02-27 05:00:00', '2018-02-26 05:00:00']}
INFO:werkzeug:172.20.0.1 - - [28/Mar/2018 15:39:40] "GET /predict HTTP/1.1" 500 -
INFO:werkzeug:172.20.0.1 - - [28/Mar/2018 15:39:40] "GET /predict?__debugger__=yes&cmd=resource&f=style.css HTTP/1.1" 200 -
INFO:werkzeug:172.20.0.1 - - [28/Mar/2018 15:39:40] "GET /predict?__debugger__=yes&cmd=resource&f=jquery.js HTTP/1.1" 200 -
INFO:werkzeug:172.20.0.1 - - [28/Mar/2018 15:39:40] "GET /predict?__debugger__=yes&cmd=resource&f=debugger.js HTTP/1.1" 200 -
INFO:werkzeug:172.20.0.1 - - [28/Mar/2018 15:39:40] "GET /predict?__debugger__=yes&cmd=resource&f=console.png HTTP/1.1" 200 -
INFO:werkzeug:172.20.0.1 - - [28/Mar/2018 15:39:40] "GET /predict?__debugger__=yes&cmd=resource&f=console.png HTTP/1.1" 200 -
INFO:werkzeug: * Detected change in '/application/src/ml/app.py', reloading
INFO:root:Started
INFO:root:         Date         Open         High          Low        Close  \
0  2017-11-10  2580.179932  2583.810059  2575.570068  2582.300049   
1  2017-11-13  2576.530029  2587.659912  2574.479980  2584.840088   
2  2017-11-14  2577.750000  2579.659912  2566.560059  2578.870117   

     Adj Close      Volume  
0  2582.300049  3486910000  
1  2584.840088  3402930000  
2  2578.870117  3641760000  
INFO:root:{'Y': [1053.209961, 1021.570007, 1049.079956, 1090.880005, 1097.709961, 1099.819946, 1135.72998, 1149.579956, 1149.48999, 1138.170044, 1164.5, 1160.040039, 1126, 1109.640015, 1095.060059, 1090.930054, 1078.920044, 1069.52002, 1104.72998, 1118.290039, 1143.75], 'X': ['2018-03-26 04:00:00', '2018-03-23 04:00:00', '2018-03-22 04:00:00', '2018-03-21 04:00:00', '2018-03-20 04:00:00', '2018-03-19 04:00:00', '2018-03-16 04:00:00', '2018-03-15 04:00:00', '2018-03-14 04:00:00', '2018-03-13 04:00:00', '2018-03-12 04:00:00', '2018-03-09 05:00:00', '2018-03-08 05:00:00', '2018-03-07 05:00:00', '2018-03-06 05:00:00', '2018-03-05 05:00:00', '2018-03-02 05:00:00', '2018-03-01 05:00:00', '2018-02-28 05:00:00', '2018-02-27 05:00:00', '2018-02-26 05:00:00']}
INFO:root:Finished
INFO:werkzeug:172.20.0.1 - - [28/Mar/2018 15:41:38] "GET /predict HTTP/1.1" 200 -
